2024-10-21 15:26:11,746 - Moved: 11029 RX7 中文带logo.mp4 -> F:\BaiduNetdiskDownload\已经上传Youtube视频\11029 RX7 中文带logo.mp4
2024-10-21 15:26:11,747 - Moved: 11030  中文带logo(1).mp4 -> F:\BaiduNetdiskDownload\已经上传Youtube视频\11030  中文带logo(1).mp4
2024-10-21 15:26:11,747 - Moved: 11030  中文带logo.mp4 -> F:\BaiduNetdiskDownload\已经上传Youtube视频\11030  中文带logo.mp4
2024-10-21 15:26:11,747 - Moved: 11033中文版.mp4 -> F:\BaiduNetdiskDownload\已经上传Youtube视频\11033中文版.mp4
2024-10-21 15:26:11,748 - Moved: 22008 消防车中文版.mp4 -> F:\BaiduNetdiskDownload\已经上传Youtube视频\22008 消防车中文版.mp4
2024-10-21 15:26:11,749 - Moved: 22012清障车中文版.mp4 -> F:\BaiduNetdiskDownload\已经上传Youtube视频\22012清障车中文版.mp4
2024-10-21 15:26:11,749 - Moved: 22013塔吊中文.mp4 -> F:\BaiduNetdiskDownload\已经上传Youtube视频\22013塔吊中文.mp4
2024-10-21 15:26:11,749 - Moved: 22014电铲车中文版.mp4 -> F:\BaiduNetdiskDownload\已经上传Youtube视频\22014电铲车中文版.mp4
2024-10-21 15:26:11,963 - Moved: 22015农场拖拉机中文版.mp4 -> F:\BaiduNetdiskDownload\已经上传Youtube视频\22015农场拖拉机中文版.mp4
2024-10-21 15:26:11,965 - Moved: 22016箕斗转载车中文版.mp4 -> F:\BaiduNetdiskDownload\已经上传Youtube视频\22016箕斗转载车中文版.mp4
2024-10-21 15:26:11,966 - Moved: 22020伸缩臂叉装车中文版.mp4 -> F:\BaiduNetdiskDownload\已经上传Youtube视频\22020伸缩臂叉装车中文版.mp4
2024-10-21 15:26:11,967 - Moved: 22021遥控货车+托板中文版.mp4 -> F:\BaiduNetdiskDownload\已经上传Youtube视频\22021遥控货车+托板中文版.mp4
2024-10-21 15:26:11,967 - Moved: 22022压缩式垃圾车中文版.mp4 -> F:\BaiduNetdiskDownload\已经上传Youtube视频\22022压缩式垃圾车中文版.mp4
2024-10-21 15:26:11,968 - Moved: 22024中文版.mp4 -> F:\BaiduNetdiskDownload\已经上传Youtube视频\22024中文版.mp4
2024-10-21 15:26:11,968 - Moved: 22025中文版.mp4 -> F:\BaiduNetdiskDownload\已经上传Youtube视频\22025中文版.mp4
2024-10-21 15:26:11,969 - Moved: 22026葡萄收割机中文版.mp4 -> F:\BaiduNetdiskDownload\已经上传Youtube视频\22026葡萄收割机中文版.mp4
2024-10-21 15:26:11,970 - Moved: 22027木材收集车中文.mp4 -> F:\BaiduNetdiskDownload\已经上传Youtube视频\22027木材收集车中文.mp4
2024-10-21 15:26:11,970 - Moved: 22027木材收集车中文版黄轮毂.mp4 -> F:\BaiduNetdiskDownload\已经上传Youtube视频\22027木材收集车中文版黄轮毂.mp4
2024-10-21 15:26:11,971 - Moved: 33002 中文带logo.mp4 -> F:\BaiduNetdiskDownload\已经上传Youtube视频\33002 中文带logo.mp4
2024-10-21 15:26:11,971 - Moved: 33003中文版.mp4 -> F:\BaiduNetdiskDownload\已经上传Youtube视频\33003中文版.mp4
2024-10-21 15:26:11,972 - Moved: 33020 F-22中文.mp4 -> F:\BaiduNetdiskDownload\已经上传Youtube视频\33020 F-22中文.mp4
2024-10-21 15:26:11,972 - Moved: 33021-F35 中文.mp4 -> F:\BaiduNetdiskDownload\已经上传Youtube视频\33021-F35 中文.mp4
2024-10-21 15:26:11,973 - Moved: 33021-F35 积木飞机中文版.mp4 -> F:\BaiduNetdiskDownload\已经上传Youtube视频\33021-F35 积木飞机中文版.mp4
2024-10-21 15:26:11,973 - Moved: 33022  F-18中文版.mp4 -> F:\BaiduNetdiskDownload\已经上传Youtube视频\33022  F-18中文版.mp4
2024-10-21 15:26:11,973 - Moved: 33023中文版.mp4 -> F:\BaiduNetdiskDownload\已经上传Youtube视频\33023中文版.mp4
2024-10-21 15:26:11,974 - Moved: 33025 J-20中文版.mp4 -> F:\BaiduNetdiskDownload\已经上传Youtube视频\33025 J-20中文版.mp4
2024-10-21 15:26:11,974 - Moved: 33026 HH-60J中文版.mp4 -> F:\BaiduNetdiskDownload\已经上传Youtube视频\33026 HH-60J中文版.mp4
2024-10-21 15:26:11,974 - Moved: 33027 F-16中文.mp4 -> F:\BaiduNetdiskDownload\已经上传Youtube视频\33027 F-16中文.mp4
2024-10-21 15:26:11,975 - Moved: 33029 E-2中文版.mp4 -> F:\BaiduNetdiskDownload\已经上传Youtube视频\33029 E-2中文版.mp4
2024-10-21 15:26:11,975 - Moved: 33030 SU-57中文版.mp4 -> F:\BaiduNetdiskDownload\已经上传Youtube视频\33030 SU-57中文版.mp4
2024-10-21 15:26:11,975 - Moved: 33032 F-14中文版.mp4 -> F:\BaiduNetdiskDownload\已经上传Youtube视频\33032 F-14中文版.mp4
2024-10-21 15:26:11,976 - Moved: 33035 中文版.mp4 -> F:\BaiduNetdiskDownload\已经上传Youtube视频\33035 中文版.mp4
2024-10-21 15:26:11,976 - Moved: 33036中文版.mp4 -> F:\BaiduNetdiskDownload\已经上传Youtube视频\33036中文版.mp4
2024-10-21 15:26:11,976 - Moved: 33037中文版.mp4 -> F:\BaiduNetdiskDownload\已经上传Youtube视频\33037中文版.mp4
2024-10-21 15:26:11,976 - Moved: 33049  中文版 .mp4 -> F:\BaiduNetdiskDownload\已经上传Youtube视频\33049  中文版 .mp4
2024-10-21 15:26:11,977 - Moved: 55027导弹坦克中文版.mp4 -> F:\BaiduNetdiskDownload\已经上传Youtube视频\55027导弹坦克中文版.mp4
2024-10-21 15:26:11,977 - Moved: 66014中文.mp4 -> F:\BaiduNetdiskDownload\已经上传Youtube视频\66014中文.mp4
2024-10-21 15:26:11,978 - Moved: 66016中文.mp4 -> F:\BaiduNetdiskDownload\已经上传Youtube视频\66016中文.mp4
2024-10-21 15:26:11,978 - Moved: 66017中文.mp4 -> F:\BaiduNetdiskDownload\已经上传Youtube视频\66017中文.mp4
2024-10-21 15:26:11,978 - Moved: 66018中文.mp4 -> F:\BaiduNetdiskDownload\已经上传Youtube视频\66018中文.mp4
2024-10-21 15:26:11,978 - Moved: 66019中文版.mp4 -> F:\BaiduNetdiskDownload\已经上传Youtube视频\66019中文版.mp4
2024-10-21 15:26:11,979 - Moved: 66020中文版.mp4 -> F:\BaiduNetdiskDownload\已经上传Youtube视频\66020中文版.mp4
2024-10-21 15:26:11,979 - Moved: 66021中文版.mp4 -> F:\BaiduNetdiskDownload\已经上传Youtube视频\66021中文版.mp4
2024-10-21 15:26:11,979 - Moved: 66022沉默之船中文版.mp4 -> F:\BaiduNetdiskDownload\已经上传Youtube视频\66022沉默之船中文版.mp4
2024-10-21 15:26:11,979 - Moved: 66023圣安德鲁教堂 中文版.mp4 -> F:\BaiduNetdiskDownload\已经上传Youtube视频\66023圣安德鲁教堂 中文版.mp4
2024-10-21 15:26:11,980 - Moved: 66026中文.mp4 -> F:\BaiduNetdiskDownload\已经上传Youtube视频\66026中文.mp4
2024-10-21 15:26:11,981 - Moved: 66027中文.mp4 -> F:\BaiduNetdiskDownload\已经上传Youtube视频\66027中文.mp4
2024-10-21 15:26:11,981 - Moved: 66028中文.mp4 -> F:\BaiduNetdiskDownload\已经上传Youtube视频\66028中文.mp4
2024-10-21 15:26:11,981 - Moved: 66029忍者书档中文版.mp4 -> F:\BaiduNetdiskDownload\已经上传Youtube视频\66029忍者书档中文版.mp4
2024-10-21 15:26:11,981 - Moved: 66030星际书档中文版.mp4 -> F:\BaiduNetdiskDownload\已经上传Youtube视频\66030星际书档中文版.mp4
2024-10-21 15:26:11,982 - Moved: 66031魔法车站书档中文版.mp4 -> F:\BaiduNetdiskDownload\已经上传Youtube视频\66031魔法车站书档中文版.mp4
2024-10-21 15:26:11,982 - Moved: 66032街景书档中文版.mp4 -> F:\BaiduNetdiskDownload\已经上传Youtube视频\66032街景书档中文版.mp4
2024-10-21 15:26:11,982 - Moved: 66033圣诞书格中文版.mp4 -> F:\BaiduNetdiskDownload\已经上传Youtube视频\66033圣诞书格中文版.mp4
2024-10-21 15:26:11,983 - Moved: 66034圣诞火车中文版.mp4 -> F:\BaiduNetdiskDownload\已经上传Youtube视频\66034圣诞火车中文版.mp4
2024-10-21 15:26:11,983 - Moved: 66035中文版.mp4 -> F:\BaiduNetdiskDownload\已经上传Youtube视频\66035中文版.mp4
2024-10-21 15:26:11,983 - Moved: 66036中文版.mp4 -> F:\BaiduNetdiskDownload\已经上传Youtube视频\66036中文版.mp4
2024-10-21 15:26:11,984 - Moved: 66037荷兰人号中文版.mp4 -> F:\BaiduNetdiskDownload\已经上传Youtube视频\66037荷兰人号中文版.mp4
2024-10-21 15:26:11,984 - Moved: 77006MG42中文.mp4 -> F:\BaiduNetdiskDownload\已经上传Youtube视频\77006MG42中文.mp4
2024-10-21 15:26:11,994 - Moved: 77007抛壳连射木仓中文.mp4 -> F:\BaiduNetdiskDownload\已经上传Youtube视频\77007抛壳连射木仓中文.mp4
2024-10-21 15:26:11,995 - Moved: 77026 AWM中文版.mp4 -> F:\BaiduNetdiskDownload\已经上传Youtube视频\77026 AWM中文版.mp4
2024-10-21 15:26:11,996 - Moved: 77027火箭筒中文版.mp4 -> F:\BaiduNetdiskDownload\已经上传Youtube视频\77027火箭筒中文版.mp4
2024-10-21 15:26:11,996 - Moved: 77028中文.mp4 -> F:\BaiduNetdiskDownload\已经上传Youtube视频\77028中文.mp4
2024-10-21 15:26:11,996 - Moved: 77029碣式中文.mp4 -> F:\BaiduNetdiskDownload\已经上传Youtube视频\77029碣式中文.mp4
2024-10-21 15:26:11,997 - Moved: 786中文.mp4 -> F:\BaiduNetdiskDownload\已经上传Youtube视频\786中文.mp4
2024-10-21 15:26:11,997 - Moved: 787中文.mp4 -> F:\BaiduNetdiskDownload\已经上传Youtube视频\787中文.mp4
2024-10-21 15:26:11,997 - Moved: 788中文.mp4 -> F:\BaiduNetdiskDownload\已经上传Youtube视频\788中文.mp4
2024-10-21 15:26:11,997 - Moved: 791中文版.mp4 -> F:\BaiduNetdiskDownload\已经上传Youtube视频\791中文版.mp4
2024-10-21 15:26:11,997 - Moved: 792中文版.mp4 -> F:\BaiduNetdiskDownload\已经上传Youtube视频\792中文版.mp4
2024-10-21 15:26:11,998 - Moved: 795中文版.mp4 -> F:\BaiduNetdiskDownload\已经上传Youtube视频\795中文版.mp4
2024-10-21 15:26:11,998 - Moved: 796中文版.mp4 -> F:\BaiduNetdiskDownload\已经上传Youtube视频\796中文版.mp4
2024-10-21 15:26:11,998 - Moved: 798中文版.mp4 -> F:\BaiduNetdiskDownload\已经上传Youtube视频\798中文版.mp4
2024-10-21 15:26:11,998 - Moved: 800核潜艇中文版.mp4 -> F:\BaiduNetdiskDownload\已经上传Youtube视频\800核潜艇中文版.mp4
2024-10-21 15:26:11,999 - Moved: 805中文版.mp4 -> F:\BaiduNetdiskDownload\已经上传Youtube视频\805中文版.mp4
2024-10-21 15:26:11,999 - Moved: 806中文版.mp4 -> F:\BaiduNetdiskDownload\已经上传Youtube视频\806中文版.mp4
2024-10-21 15:26:11,999 - Moved: 99001-99005中文版.mp4 -> F:\BaiduNetdiskDownload\已经上传Youtube视频\99001-99005中文版.mp4
2024-10-21 15:26:12,000 - Moved: 99006 T6中文版.mp4 -> F:\BaiduNetdiskDownload\已经上传Youtube视频\99006 T6中文版.mp4
2024-10-21 15:26:12,000 - Moved: 99007中文版带logo.mp4 -> F:\BaiduNetdiskDownload\已经上传Youtube视频\99007中文版带logo.mp4
2024-10-21 15:26:12,000 - Moved: No.11006-11007中文.mp4 -> F:\BaiduNetdiskDownload\已经上传Youtube视频\No.11006-11007中文.mp4
2024-10-21 15:26:12,000 - Moved: No.11008沃尔沃铁骑士中文版.mp4 -> F:\BaiduNetdiskDownload\已经上传Youtube视频\No.11008沃尔沃铁骑士中文版.mp4
2024-10-21 15:26:12,001 - Moved: No.11025-11026-11027中文版.mp4 -> F:\BaiduNetdiskDownload\已经上传Youtube视频\No.11025-11026-11027中文版.mp4
